Oct-04-2022	00:54:35	information	/	200	Home Page was visited.	22d4a114-a59c-4504-8b08-f5736c5e5200
Oct-04-2022	00:54:38	information	/about	200	About Page was visited.	ee63c549-2791-4c69-9c06-c693ddda9672
Oct-04-2022	00:54:39	information	/subscribe	200	Subscriber Page was visited.	ba31e7c2-f697-4732-8a87-0015e4ab626c
Oct-04-2022	00:54:39	information	/about	200	About Page was visited.	836ed828-064a-42b0-a8c5-ddfdb29cd926
Oct-04-2022	00:54:40	information	/	200	Home Page was visited.	5bc693a6-294e-463e-9429-d3484b1b8520
Oct-04-2022	00:54:41	information	/errortest	200	Error Test Page Was Visted	d38669cc-b1e6-4fb8-b746-aa4c4c40ce00
Oct-04-2022	00:54:42	information	/forbidden	403	Forbidden Page Entered	25c75d1b-84de-4f02-91a0-24a14cfab569
Oct-04-2022	00:54:50	information	/	200	Home Page was visited.	c1816c78-987d-4f2a-97be-25f565c4c1f3
Oct-04-2022	12:02:06	information	/errortest	200	Error Test Page Was Visted	2ab3c573-c6cc-4d1e-9f2a-adb2f5c5efbd
Oct-04-2022	12:02:09	information	/	200	Home Page was visited.	fe121d76-bfec-4a50-8ddc-e087113f333d
Oct-04-2022	12:03:08	information	/about	200	About Page was visited.	4917a516-cb0e-4812-a890-b09363ef958d
Oct-04-2022	12:03:08	information	/	200	Home Page was visited.	6c35a02e-8023-44f4-b354-2e409cf9bde7
Oct-04-2022	12:15:59	information	/	200	Home Page was visited.	dfe8326b-d9f7-442f-b9e8-f99580d411bb
Oct-04-2022	12:16:07	information	/about	200	About Page was visited.	72fe1c6c-df74-4ccd-a212-5e8dfe8df1f3
Oct-04-2022	12:16:08	information	/	200	Home Page was visited.	46ae57b1-28fe-4de8-8ea4-e03ed6903816
Oct-04-2022	12:18:08	information	/	200	Home Page was visited.	01167a22-13fe-4194-9c4b-c67debb0ae78
Oct-04-2022	12:18:10	information	/about	200	About Page was visited.	1ab2dd4d-7a31-44a5-ad04-ac3175f721f2
Oct-04-2022	12:18:10	information	/	200	Home Page was visited.	d14674de-4645-4ff4-a62e-7ae9f3b6f212
Oct-04-2022	12:18:20	information	/about	200	About Page was visited.	c4a3307d-d62d-413a-ba02-d1e07db6a4d8
Oct-04-2022	12:18:25	information	/	200	Home Page was visited.	dc4eae2d-03e4-488b-bfad-2c7c237b99c6
Oct-04-2022	12:22:49	information	/	200	Home Page was visited.	f9721e70-8023-46b5-9515-2bc8e561f1eb
Oct-04-2022	12:22:49	error	/test.js	404	Routing Error: 404/test.js route.	6fe77671-5330-4362-9bd5-25c3e627c73c
Oct-04-2022	12:23:18	information	/contact	200	Contact Page was visited.	b630b3ab-c453-46d3-bfe5-baff893cfc23
Oct-04-2022	12:23:21	information	/	200	Home Page was visited.	8038c693-e4f9-4bcc-8d42-840f05fa7eda
Oct-04-2022	12:23:21	error	/test.js	404	Routing Error: 404/test.js route.	6cfabd45-5de0-4366-a93d-53311caef468
Oct-04-2022	12:28:30	information	/errortest	200	Error Test Page Was Visted	038776e1-4732-4d14-8cfb-7a4e5b6bd67f
Oct-04-2022	12:28:32	information	/refresh	304	Page Cached: Not Modified	e084db81-d746-411d-8dea-815d5ce1b174
Oct-04-2022	12:28:33	information	/refresh	304	Page Cached: Not Modified	69daf42e-d29b-473b-a565-29c03d17a669
Oct-04-2022	12:28:33	information	/refresh	304	Page Cached: Not Modified	8dbb7be0-aea5-49ba-ac42-7bbbb67e2d36
Oct-04-2022	12:28:37	information	/contact	200	Contact Page was visited.	6fc8cfd2-ccd7-4326-8aba-57f91b1a2634
Oct-04-2022	12:28:38	information	/	200	Home Page was visited.	2c6fbc90-4318-4d2f-9d4e-5e19694df1d5
Oct-04-2022	12:28:39	information	/errortest	200	Error Test Page Was Visted	a0a3e473-0ff3-44e5-8791-8cd1d42e4183
Oct-04-2022	12:28:40	information	/forbidden	403	Forbidden Page Entered	9c401116-9399-40cb-b5b2-bf1105faf37f
Oct-04-2022	12:28:52	information	/	200	Home Page was visited.	c8e08551-9f2a-48a1-be9a-420dcbdba3ea
Oct-04-2022	12:28:54	information	/errortest	200	Error Test Page Was Visted	c861199f-a295-45cd-a38c-7580f94c2a3a
Oct-04-2022	12:28:55	information	/forbidden	403	Forbidden Page Entered	5cb31b6b-e2fd-4aef-bdb1-10c0624c5b5e
Oct-04-2022	12:29:00	information	/	200	Home Page was visited.	719462a0-355f-4296-b064-0242c6de3c2f
Oct-04-2022	13:44:33	information	/	200	Home Page was visited.	34bf36c8-f212-4017-b326-afe1c5124c73
Oct-04-2022	13:44:37	information	/about	200	About Page was visited.	4632f874-b55a-4a4f-a173-031ec86bca4c
Oct-04-2022	13:44:38	information	/	200	Home Page was visited.	365847ef-b7fa-4257-b929-6b136194792e
Oct-04-2022	13:44:38	information	/contact	200	Contact Page was visited.	80c9d14e-f71c-4aba-900c-7d11b07c02aa
Oct-04-2022	13:44:40	information	/	200	Home Page was visited.	3efc9a20-8592-41a8-80b4-201e88eb4174
Oct-04-2022	13:44:40	information	/subscribe	200	Subscriber Page was visited.	c91d25bd-903d-44a7-8706-0d25108570ee
Oct-04-2022	13:44:41	information	/	200	Home Page was visited.	1971c2e1-cef9-4fd3-ac9c-268098a4a2a1
Oct-04-2022	13:44:42	information	/prods	200	Products Page Was Visted	38cee8b1-eed0-4004-9d51-3694eff4eaa0
Oct-04-2022	13:44:44	information	/	200	Home Page was visited.	f19c1d3f-94a1-424f-b0b3-81ebacc50aab
Oct-04-2022	13:44:45	information	/errortest	200	Error Test Page Was Visted	2d022152-0ab9-4435-99c1-956b4c52cb1a
Oct-04-2022	13:44:47	error	/notalink	404	Routing Error: 404/notalink route.	442701c3-6ffa-4004-9f2c-9c7a7c4a9578
Oct-04-2022	13:44:52	information	/	200	Home Page was visited.	db562211-3285-4da2-bacb-a780683b2405
Oct-04-2022	13:44:53	information	/errortest	200	Error Test Page Was Visted	fb3b1938-f0fd-4fff-b31e-c097dacc2856
Oct-04-2022	13:44:54	information	/contact	200	Contact Page was visited.	c625e96c-e238-4e46-af5b-7a36c07b82ff
Oct-04-2022	13:45:02	information	/	200	Home Page was visited.	694b1d21-24ee-4e24-9d19-3c242b2004f0
Oct-04-2022	13:45:05	information	/errortest	200	Error Test Page Was Visted	3fb4c62d-7722-44c8-89d4-2019a93e59d2
Oct-04-2022	13:45:06	information	/contact	200	Contact Page was visited.	801968d2-0dbf-466b-bdea-67b59b0c740c
Oct-04-2022	13:45:09	information	/	200	Home Page was visited.	ae7d93c8-b7f1-4ae1-94d5-2b24df83c8ed
Oct-04-2022	13:45:10	information	/errortest	200	Error Test Page Was Visted	bbae7722-1358-4f6c-abed-cc0b1d7c772c
Oct-04-2022	13:45:11	information	/refresh	304	Page Cached: Not Modified	2e4ae53e-7772-4143-b504-9e5cdcb2d454
Oct-04-2022	13:45:12	information	/refresh	304	Page Cached: Not Modified	28b92fac-060f-4ed6-b859-e0166033072d
Oct-04-2022	13:45:12	information	/refresh	304	Page Cached: Not Modified	74cade5c-2faf-455d-8672-a885a69cf8ee
Oct-04-2022	13:45:28	information	/forbidden	403	Forbidden Page Entered	3fb45f8f-f105-4e1f-98b3-89e1e3030795
Oct-04-2022	13:45:58	information	/	200	Home Page was visited.	61d37865-598c-43d7-b142-4f65eaae2a93
Oct-04-2022	14:16:03	Information	/about	200	About Page was visited.	225e1ce0-26d9-4195-9dcb-cee0ae46684c
Oct-04-2022	14:16:04	Information	/	200	Home Page was visited.	8717c34e-0cf7-4d9d-90fb-fb4c6d1392c7
Oct-04-2022	14:19:06	Information	/	200	Home Page was visited.	ee5429dd-615f-4654-aba6-8433ccc359e9
Oct-04-2022	14:22:07	Information	/	200	Home Page was visited.	5ea7338b-9934-4eb2-9121-623590340f21
Oct-04-2022	14:22:08	Information	/test	200	Test Page Was Visted	f100f298-2098-4c78-875b-3e2a2d89e421
Oct-04-2022	14:23:16	Information	/	200	Home Page was visited.	6a8d6e26-65f8-414f-b34a-49136b307d85
Oct-04-2022	14:24:31	Information	/test	200	Test Page Was Visted	6f329f53-2bd3-4e97-bf7b-ec8fff896609
Oct-04-2022	14:25:33	Information	/	200	Home Page was visited.	279d226f-3786-4b2c-89bf-1d15325e196f
Oct-04-2022	14:25:34	Information	/contact	200	Contact Page was visited.	2c846ca6-99cc-4e5f-8c47-0970ad25b116
Oct-04-2022	14:25:35	Information	/	200	Home Page was visited.	d67e1686-84a8-4a65-8c5c-e338b3b90a89
Oct-04-2022	14:25:36	Information	/test	200	Test Page Was Visted	564ecc3b-0e4d-46ee-bc26-4f5a3210e80f
Oct-04-2022	14:39:06	Information	/	200	Home Page was visited.	674cf3af-6f76-4bae-abcc-0518f43061d4
Oct-04-2022	14:39:07	Information	/test	200	Test Page Was Visted	a2bdff4e-030d-49f5-b73e-93228273ca0d
Oct-04-2022	14:40:49	Information	/	200	Home Page was visited.	09c61225-93f2-403c-a066-211197334ecb
Oct-04-2022	14:40:50	Information	/test	200	Test Page Was Visted	cfbe11cd-2615-429b-ba72-e23ac4699c42
Oct-04-2022	15:07:49	Information	/	200	Home Page was visited.	5e7fcec8-6cdc-4973-9a21-6c370ef490f3
Oct-04-2022	15:07:51	Information	/prods	200	Products Page Was Visted	8b529ebb-10af-48d8-8c45-b84cb59e8282
Oct-04-2022	15:07:51	Information	/	200	Home Page was visited.	0bbc3b2c-c323-4eb5-a1b7-86658accdbbc
Oct-04-2022	15:07:52	Information	/errortest	200	Error Test Page Was Visted	0ac5211d-2267-4f67-a7a5-7ab5f0065037
Oct-04-2022	15:07:53	Information	/	200	Home Page was visited.	84edd6c6-b020-4bb5-aa75-3ca65eb56032
Oct-04-2022	15:07:54	Information	/test	200	Test Page Was Visted	65b37e5a-a923-4600-b2f4-0be904bde919
Oct-04-2022	15:08:09	Information	/	200	Home Page was visited.	05faa4d9-3ad3-4129-8cfe-fd4b317e4ecf
Oct-04-2022	15:08:10	Information	/test	200	Test Page Was Visted	256843ec-b35c-4af5-b9e1-fbabc9da8b3f
Oct-04-2022	15:38:00	Information	/	200	Home Page was visited.	5c7bcd49-2178-41d2-ad70-31b63fcc1081
Oct-04-2022	15:38:00	Information	/	200	Home Page was visited.	6ccdd6d2-7de0-4f67-ad51-92e7a2b2b0a1
Oct-04-2022	15:38:00	error	/favicon.ico	404	Routing Error: 404/favicon.ico route.	d0368aa3-a8bc-4c6d-b6f0-54f80a7d43e2
Oct-04-2022	15:38:04	Information	/test	200	Test Page Was Visted	1749ac4e-76ac-45a6-8e34-be852b6fdfca
Oct-04-2022	15:38:11	Information	/	200	Home Page was visited.	a136576a-03d5-4c56-89ba-66795074ae88
Oct-04-2022	15:38:20	Information	/contact	200	Contact Page was visited.	feca9163-c002-4cf1-b7a7-c8ba197ada0f
Oct-04-2022	15:38:21	Information	/	200	Home Page was visited.	92f8a604-2eb9-4c9e-91f4-75cbe78eb732
Oct-04-2022	15:38:21	Information	/about	200	About Page was visited.	d0e2ec77-0de6-447c-b906-c174c106198d
Oct-04-2022	15:38:23	Information	/	200	Home Page was visited.	1d0d05f2-0d95-48c3-9935-ea83666f6076
Oct-04-2022	15:38:23	Information	/subscribe	200	Subscriber Page was visited.	a04a8100-bdc9-4d40-8d96-94dba99e237a
Oct-04-2022	15:38:25	Information	/	200	Home Page was visited.	f1dde8c0-8083-40f4-8b9c-f83676179100
Oct-04-2022	15:38:25	Information	/prods	200	Products Page Was Visted	137aff7f-8fcc-42b7-a826-6b3e53b02035
Oct-04-2022	15:38:26	Information	/	200	Home Page was visited.	d8ee2458-f00d-42ae-ab06-3d2b2dac0b91
Oct-04-2022	15:38:26	Information	/errortest	200	Error Test Page Was Visted	5fa0643e-f6c7-4a97-8814-f5f68df67a95
Oct-04-2022	15:38:28	error	/notalink	404	Routing Error: 404/notalink route.	14fe274b-a2fe-4835-8e20-c3e5c7bc24ea
Oct-04-2022	15:38:29	Information	/	200	Home Page was visited.	5400c0ea-bbce-4ade-b994-76c76da92076
Oct-04-2022	15:38:30	Information	/subscribe	200	Subscriber Page was visited.	311edda6-b11e-4f35-9205-5bf524b6bf82
Oct-04-2022	15:38:30	Information	/	200	Home Page was visited.	d673a1df-7a6b-4731-9eea-4b18fdca313c
Oct-04-2022	15:38:31	Information	/errortest	200	Error Test Page Was Visted	1c93a47e-e4b1-4f58-907a-37357ec0026a
Oct-04-2022	15:38:32	Information	/refresh	304	Page Cached: Not Modified	8a7754a9-857a-46f2-9262-81b0fa1d8ff1
Oct-04-2022	15:38:34	Information	/refresh	304	Page Cached: Not Modified	8a82bfb8-9f80-4fbd-8483-b320ae565bd0
Oct-04-2022	15:38:34	Information	/refresh	304	Page Cached: Not Modified	81cc8a8b-3695-4d3f-b380-45481c4d956d
Oct-04-2022	15:38:35	Information	/refresh	304	Page Cached: Not Modified	6a473f05-c423-4115-8998-4e1125e893b8
Oct-04-2022	15:38:35	Information	/refresh	304	Page Cached: Not Modified	409569ca-c6d9-4a27-92b5-0ea23325d71f
Oct-04-2022	15:38:35	Information	/refresh	304	Page Cached: Not Modified	b0f08d57-43a8-49a2-9e97-a5656df4f56f
Oct-04-2022	15:38:36	Information	/refresh	304	Page Cached: Not Modified	fdd61a91-5868-470b-b3ec-7ccd9c4b853d
Oct-04-2022	15:38:36	Information	/refresh	304	Page Cached: Not Modified	f2e942c3-3ce8-4a61-8e33-b5243b9e54e8
Oct-04-2022	15:38:36	Information	/refresh	304	Page Cached: Not Modified	e71ef2f3-89e5-4985-a0c3-558e0244cb0b
Oct-04-2022	15:38:37	Information	/refresh	304	Page Cached: Not Modified	5dccdba0-1b55-4731-bbbb-ee8a2c351de5
Oct-04-2022	15:39:38	Information	/contact	200	Contact Page was visited.	8df4c501-7fe8-4bf1-bcff-27607a374e4e
Oct-04-2022	15:39:40	Information	/	200	Home Page was visited.	39d1fee1-109b-4ebe-929d-fb6d58b101c8
Oct-04-2022	15:39:41	Information	/test	200	Test Page Was Visted	cf9fe476-99a8-4731-bf61-fb66ac0c77d6
Oct-04-2022	15:39:43	Information	/	200	Home Page was visited.	c05aa921-6f55-4964-bc87-bc0039661c33
Oct-04-2022	15:39:44	Information	/errortest	200	Error Test Page Was Visted	a21d393a-7b5e-44a9-a972-106bf557f408
Oct-04-2022	15:39:45	Information	/forbidden	403	Forbidden Page Entered	2ad4144a-e73c-457b-8ed6-c33c089e78df
Oct-04-2022	15:39:52	Information	/	200	Home Page was visited.	4b6c1d92-f261-4571-92d3-77208202ae8d
Oct-04-2022	15:39:53	Information	/errortest	200	Error Test Page Was Visted	3b0801d7-06c5-4d36-8559-2b0dbcef1cf1
Oct-04-2022	15:39:54	Information	/forbidden	403	Forbidden Page Entered	86e323a6-6e81-4e3f-9952-f0d1014952dd
Oct-04-2022	15:39:56	Information	/	200	Home Page was visited.	be1d30d9-8d96-4e7e-8a91-a84be8c7496c
Oct-04-2022	15:41:15	Information	/about	200	About Page was visited.	70290ece-04f2-4153-a9c5-316196c3b782
Oct-04-2022	15:42:21	Information	/	[object Object]	Home Page was visited.	5c1c54e4-3f74-49d5-9d41-e84612a32070
Oct-04-2022	15:43:02	Information	/	200	Home Page was visited.	0930a851-b622-4db1-9969-0d63d0b175bf
Oct-04-2022	15:43:09	Information	/contact	200	Contact Page was visited.	4b6549c4-d556-4683-8d84-27a30cd8d0e3
Oct-04-2022	15:43:10	Information	/	200	Home Page was visited.	0ccd0bba-aa6e-4988-82a9-cc3dfe7d4b3f
Oct-04-2022	15:43:11	Information	/subscribe	200	Subscriber Page was visited.	10eecaab-edd1-411b-91ad-745be6e78186
Oct-04-2022	15:43:12	Information	/contact	200	Contact Page was visited.	9797e189-35fa-423a-86b1-bb8c0d2a5018
Oct-04-2022	15:43:13	Information	/	200	Home Page was visited.	1393a8da-e9a5-4398-9218-c5a66e4785bf
Oct-04-2022	15:43:14	Information	/errortest	200	Error Test Page Was Visted	698bb698-edca-4e60-8a71-e09de93debc8
Oct-04-2022	15:43:42	Information	/	200	Home Page was visited.	c8796697-530f-4081-88f9-c87d8ddd6bfe
Oct-04-2022	15:43:42	error	/favicon.ico	404	Routing Error: 404/favicon.ico route.	33640fd5-cee0-4daa-bb04-dd320bd748ab
Oct-04-2022	15:44:24	Information	/about	200	About Page was visited.	032f21bd-ad71-4e78-9340-2d5d10bb00ca
Oct-04-2022	15:44:25	Information	/	200	Home Page was visited.	c95fa99c-3945-4ecb-814d-c72321f2265c
Oct-04-2022	15:44:34	Information	/	200	Home Page was visited.	40287308-c0a6-4d0b-a832-df29121984d2
Oct-04-2022	15:44:48	Information	/	200	Home Page was visited.	7da7d165-a749-42b9-b9d6-d8df76d38f89
Oct-04-2022	15:44:58	Information	/	200	Home Page was visited.	46fa7262-f6ec-44d9-8cf8-b6f7ad86fe8a
Oct-04-2022	15:47:56	Information	/	200	Home Page was visited.	f078f70a-0dcf-4276-a5a1-5e4140a53055
Oct-04-2022	15:48:03	Information	/about	200	About Page was visited.	2b2965b3-ea3d-44e7-927f-a65ac8f45099
Oct-04-2022	15:48:03	Information	/	200	Home Page was visited.	fc405cae-ff1d-41a2-8787-c98cf8292079
Oct-04-2022	15:48:31	Information	/errortest	200	Error Test Page Was Visted	adde2eec-8e33-4911-8470-130941408d5d
Oct-04-2022	15:48:33	Information	/	200	Home Page was visited.	2ff1fa16-179b-4da9-a4a9-4acba6e6a8c4
Oct-04-2022	15:51:00	Information	/prods	200	Products Page Was Visted	8dd7bfa8-1cbc-46f3-9962-9804007a81c1
Oct-04-2022	15:51:03	Information	/	200	Home Page was visited.	96688782-a435-4fef-a486-820871d4f0a2
Oct-04-2022	15:53:24	Information	/prods	200	Products Page Was Visted	6a2eec55-fa1e-41f4-8195-833fddf0e64a
Oct-04-2022	15:53:36	Information	/	200	Home Page was visited.	7b7222f6-9072-4bb1-8e1f-3057c3ded46b
Oct-04-2022	15:53:37	Information	/prods	200	Products Page Was Visted	369c251c-6844-4a7c-b773-9e28a3d6f430
Oct-04-2022	15:53:48	Information	/prods	200	Products Page Was Visted	66f05ee3-9241-452b-9e02-4a11f0218e09
Oct-04-2022	15:54:02	Information	/	200	Home Page was visited.	2b50e614-d4ca-457e-bdc3-abdc4339ee39
Oct-04-2022	15:54:04	Information	/contact	200	Contact Page was visited.	6723b809-0e01-4aad-8cb9-0d5fc875d365
Oct-04-2022	15:54:05	Information	/	200	Home Page was visited.	a7b142ed-3a5a-43bb-9108-99834760a75c
Oct-04-2022	15:54:06	Information	/prods	200	Products Page Was Visted	2ae2885c-12f9-48a5-9ed1-bf7ad48219cd
Oct-04-2022	15:54:08	Information	/	200	Home Page was visited.	f6008804-cbe2-4b5b-9c8a-9b3439cf361e
Oct-04-2022	15:54:09	Information	/errortest	200	Error Test Page Was Visted	c46731e6-4646-4a8b-9839-0d13fb0dfedf
Oct-04-2022	15:54:10	Information	/	200	Home Page was visited.	f2cb5832-ac8a-4b0e-aad8-9da1a53cbc16
Oct-04-2022	15:54:11	Information	/subscribe	200	Subscriber Page was visited.	e44b5a13-3f47-4a07-a040-627d9e9a1ba5
Oct-04-2022	15:54:12	Information	/	200	Home Page was visited.	8684e662-4913-4d59-aab3-148818f53b41
Oct-04-2022	15:54:12	Information	/contact	200	Contact Page was visited.	04257bd9-02bd-44cf-a54b-9fe3fff0a065
Oct-04-2022	15:54:13	Information	/	200	Home Page was visited.	67e531c6-20be-4cb3-b93f-a00dc7ebb0d6
Oct-04-2022	15:54:13	Information	/subscribe	200	Subscriber Page was visited.	181fbedb-1533-4cde-83c1-82cb4a00bf0d
Oct-04-2022	15:54:14	Information	/	200	Home Page was visited.	876cbde3-bef2-42d4-9343-ad0d0c88e051
Oct-04-2022	16:06:09	Information	/contact	200	Contact Page was visited.	6ee98f6f-7632-447d-89d5-1e4e8d894219
Oct-04-2022	16:06:10	Information	/	200	Home Page was visited.	944a9f76-fdb7-4474-92b0-d19a6419c0b8
Oct-04-2022	16:06:12	Information	/contact	200	Contact Page was visited.	f687f0e6-5dc2-42f7-ab24-e3defa17f6f1
Oct-04-2022	16:06:13	Information	/	200	Home Page was visited.	19de35cc-88e7-4ed1-9b86-5ae33f73c365
Oct-04-2022	16:06:37	Information	/contact	200	Contact Page was visited.	b80200f0-b2c2-4772-99e0-484dc9cbfe5b
Oct-04-2022	16:06:48	Information	/contact	200	Contact Page was visited.	06c0ce09-52da-4378-8856-401b60c12ff4
Oct-04-2022	16:07:00	Information	/contact	200	Contact Page was visited.	10c71c7c-4435-49f2-b163-6bf0fa0c5e19
Oct-04-2022	16:07:03	Information	/	200	Home Page was visited.	e1620f15-6665-4a62-b078-8156d3628c47
Oct-04-2022	16:07:04	Information	/about	200	About Page was visited.	44e07e0b-b709-478a-800c-3840b2be776e
Oct-04-2022	16:07:05	Information	/contact	200	Contact Page was visited.	b8c8411a-9c3e-467a-ba90-00ad90f36247
Oct-04-2022	16:07:06	Information	/prods	200	Products Page Was Visted	344e605b-26b7-4871-b432-3bc67dcc544a
Oct-04-2022	16:07:06	Information	/	200	Home Page was visited.	645db1f4-490e-4ac5-910a-127228155aa8
Oct-04-2022	16:07:07	Information	/prods	200	Products Page Was Visted	a69187f7-842b-4f61-92b7-8891f931ab59
Oct-04-2022	16:07:09	Information	/subscribe	200	Subscriber Page was visited.	5eacf210-d107-48f1-8ea3-7148c4641b99
Oct-04-2022	16:07:10	Information	/about	200	About Page was visited.	768415b3-edf0-44a3-881c-54a2c0d3fa55
Oct-04-2022	16:07:11	Information	/	200	Home Page was visited.	089e87a4-5967-4b57-a279-f3d7dca4f9cb
Oct-04-2022	16:07:12	Information	/subscribe	200	Subscriber Page was visited.	9f2347fd-2532-40b7-8295-ed5f72f947b2
Oct-04-2022	16:08:05	Information	/	200	Home Page was visited.	1a283eb1-4ffa-4ba8-b7c6-570b76f85391
Oct-04-2022	16:08:07	Information	/subscribe	200	Subscriber Page was visited.	66553362-90a1-4054-9634-9bbf6b4d799b
Oct-04-2022	16:08:21	Information	/subscribe	200	Subscriber Page was visited.	d95962d6-c0a4-45a7-9200-97019212dd8b
Oct-04-2022	16:08:34	Information	/subscribe	200	Subscriber Page was visited.	b6dfd1c2-395a-4a78-99b1-9588c2937370
Oct-04-2022	16:08:54	Information	/subscribe	200	Subscriber Page was visited.	c311c872-5ccf-486f-b968-8e837d1d9eb1
Oct-04-2022	16:09:19	Information	/subscribe	200	Subscriber Page was visited.	8e88942a-ee2b-4bc5-b1aa-16db6b04d1fe
Oct-04-2022	16:10:26	Information	/	200	Home Page was visited.	f1c3ce5e-fd94-4d75-8d7f-379cfc2e490a
Oct-04-2022	16:10:35	Information	/contact	200	Contact Page was visited.	d2e6c6a8-2c53-48b1-b0f9-1a5199995cb3
Oct-04-2022	16:10:36	Information	/	200	Home Page was visited.	532f3cc4-5b45-4d82-8c1a-4ac01e949659
Oct-04-2022	16:11:39	Information	/about	200	About Page was visited.	3d9c9d12-33b2-4e0a-a5a6-a5c12cd7fbde
Oct-04-2022	16:13:33	Information	/about	200	About Page was visited.	1752b482-73f8-4285-9487-15a46be7bb1f
Oct-04-2022	16:13:38	Information	/	200	Home Page was visited.	03ebd34a-e837-4af3-96f1-cdbaaff8993c
Oct-04-2022	16:13:41	Information	/about	200	About Page was visited.	1bde511b-b6ad-48d6-b7bd-69fbea783b95
Oct-04-2022	16:13:42	Information	/subscribe	200	Subscriber Page was visited.	e9a0c5ec-9f13-435f-84b1-d63f7aaf5fb1
Oct-04-2022	16:13:43	Information	/prods	200	Products Page Was Visted	0be73198-2910-4c3d-9658-3b307c55d8cc
Oct-04-2022	16:13:44	Information	/	200	Home Page was visited.	a2b3fc15-16a3-4a29-b9ad-cda0e247b834
Oct-04-2022	16:13:45	Information	/subscribe	200	Subscriber Page was visited.	7623099c-93b3-4123-91f7-ba147ed49658
Oct-04-2022	16:20:13	Information	/subscribe	200	Subscriber Page was visited.	b68f8ac9-bec7-4350-8d2d-81a174b608c8
Oct-04-2022	16:20:25	Information	/subscribe	200	Subscriber Page was visited.	82de75ba-a526-4460-bb36-52e3a7c4df82
Oct-04-2022	16:20:38	Information	/subscribe	200	Subscriber Page was visited.	b536f3c9-793f-40fb-aafc-77bffc802c46
Oct-04-2022	16:20:56	Information	/subscribe	200	Subscriber Page was visited.	46ad80d6-2b91-4746-a66d-2d3411c4ba87
Oct-04-2022	16:21:29	Information	/subscribe	200	Subscriber Page was visited.	35fd9154-5cfa-444a-a124-8b7a501e6617
Oct-04-2022	16:22:07	Information	/	200	Home Page was visited.	73a9b403-a018-42a0-9a6a-ea9f78e1053d
Oct-04-2022	16:22:09	Information	/errortest	200	Error Test Page Was Visted	67f10ad4-c0d0-4704-be67-1a949625ae02
Oct-04-2022	16:22:11	Information	/	200	Home Page was visited.	f6a4b7c8-47b3-4f12-900b-befbf8e098b5
Oct-04-2022	16:22:11	Information	/prods	200	Products Page Was Visted	18ba0334-1e85-4130-95c5-bd986c2f57f3
Oct-04-2022	16:22:12	Information	/	200	Home Page was visited.	424fd7d9-3713-4f06-98b5-1efa098c8dd2
Oct-04-2022	16:22:13	Information	/subscribe	200	Subscriber Page was visited.	1df9655d-fc7f-4b46-99c3-5b33a5721627
Oct-04-2022	16:22:14	Information	/	200	Home Page was visited.	f620807a-4ade-4de2-b2b9-4c6ea1fd6eda
Oct-04-2022	16:22:15	Information	/contact	200	Contact Page was visited.	06fa4128-d457-45f4-9997-e6f31d954418
Oct-04-2022	16:22:17	Information	/	200	Home Page was visited.	3e8fec79-6311-4454-ab16-3a11ce1180a8
Oct-04-2022	16:22:17	Information	/about	200	About Page was visited.	03c21a99-5062-48d6-ae74-97884ca4ac4a
Oct-04-2022	16:22:19	Information	/prods	200	Products Page Was Visted	e668947c-4922-4020-91e2-0206bde8e8e9
Oct-04-2022	16:22:20	Information	/	200	Home Page was visited.	a2246c32-fc9a-45c2-9c4f-3707d0d3d43b
Oct-04-2022	16:22:21	Information	/test	200	Test Page Was Visted	da382f13-5b28-4ecd-a83c-69635b2047db
Oct-04-2022	16:22:25	Information	/	200	Home Page was visited.	e1619a2a-8a7d-4a2c-bb3e-ae54b73a9182
Oct-04-2022	16:22:26	Information	/errortest	200	Error Test Page Was Visted	849496be-b1e8-41e8-a8de-920789b76be0
Oct-04-2022	16:22:27	Information	/refresh	304	Page Cached: Not Modified	1d7ba070-b23b-46c6-abac-bcb6052892b7
Oct-04-2022	16:22:27	Information	/contact	200	Contact Page was visited.	b45daade-95e9-4464-9dca-8dca47fd0f7b
Oct-04-2022	16:22:28	Information	/	200	Home Page was visited.	411ec37c-03fb-44ae-994d-34370ed95c79
Oct-04-2022	16:22:29	Information	/errortest	200	Error Test Page Was Visted	85d495be-3e67-4153-b00a-2d657bf15234
Oct-04-2022	16:22:30	Information	/forbidden	403	Forbidden Page Entered	fa49ce4a-df36-4a32-8724-43c57550ec2e
Oct-04-2022	16:22:34	Information	/	200	Home Page was visited.	f999f1b1-6de9-48b9-b7f2-591c77ae98d9
Oct-04-2022	16:34:59	Information	/	200	Home Page was visited.	8cb6add8-a3d2-4116-ac38-e4ee945669cd
Oct-04-2022	16:35:02	Information	/test	200	Test Page Was Visted	1ad36321-bd53-4bf6-ad35-ebcc2f8100c9
Oct-04-2022	16:35:17	Information	/	200	Home Page was visited.	19a01032-7ccf-4560-85c4-787799e5837a
Oct-04-2022	16:35:23	Information	/test	200	Test Page Was Visted	e7a9f9b0-5a89-4ffd-b27e-6e2a62fd1847
Oct-04-2022	16:35:24	Information	/test	200	Test Page Was Visted	2b593c7c-efc1-4fc4-a130-79183bfefc72
Oct-04-2022	16:35:25	Information	/test	200	Test Page Was Visted	2592599c-e012-4bc2-b872-6ca3c7fa86fe
Oct-04-2022	16:35:25	Information	/test	200	Test Page Was Visted	83cc2c60-83c9-4091-8587-7157dfd4727d
Oct-04-2022	16:35:25	Information	/test	200	Test Page Was Visted	f24d5f92-31de-4958-a33f-51f93f94db3b
Oct-04-2022	16:35:26	Information	/test	200	Test Page Was Visted	fa018b00-7fb5-4ac1-9218-264b33a0febb
Oct-04-2022	16:35:26	Information	/test	200	Test Page Was Visted	ce6d2084-6c9f-42b7-b65f-926fa4aadd56
Oct-04-2022	16:35:26	Information	/test	200	Test Page Was Visted	ef2a91fd-5c1c-4d71-9f8c-e321450d70f4
Oct-04-2022	16:35:27	Information	/test	200	Test Page Was Visted	a42f1d0b-cea2-48e6-9949-183e3001081b
Oct-04-2022	16:35:29	Information	/	200	Home Page was visited.	f8baf193-c6d1-4e24-ae0c-e529828db4c6
Oct-04-2022	16:35:39	Information	/errortest	200	Error Test Page Was Visted	5f288ae1-05cb-479e-9f3f-2e1aaf69482f
Oct-04-2022	16:35:47	Information	/	200	Home Page was visited.	d8ff41b6-252b-4842-8f91-52fb82b6b4f6
Oct-04-2022	16:36:01	Information	/errortest	200	Error Test Page Was Visted	267fe264-c769-4895-8654-aed013221342
Oct-04-2022	16:36:04	Information	/forbidden	403	Forbidden Page Entered	458a0552-f29f-4d6f-934c-02b17e374694
Oct-04-2022	16:36:06	Information	/	200	Home Page was visited.	9a65e366-a198-4b4e-82f2-b81346a80cf0
Oct-04-2022	16:36:07	Information	/errortest	200	Error Test Page Was Visted	6a2c9f7b-cebe-4de7-8773-e70a6a900423
Oct-04-2022	16:36:13	Information	/forbidden	403	Forbidden Page Entered	fdb21ac6-19e8-4885-8c43-bcdf8a75efa2
Oct-04-2022	16:36:20	Information	/	200	Home Page was visited.	7b31f83d-efee-438b-a522-441d947cde6f
Oct-04-2022	16:36:21	Information	/errortest	200	Error Test Page Was Visted	4b04f08b-6d2b-4447-96ac-b63a73293a30
Oct-04-2022	16:36:22	Information	/refresh	304	Page Cached: Not Modified	17c813ae-3a00-47c6-8e70-e318bf931313
Oct-04-2022	16:36:22	Information	/refresh	304	Page Cached: Not Modified	f5b806e6-fd15-40e3-855e-739cf0cd12f8
Oct-04-2022	16:36:22	Information	/refresh	304	Page Cached: Not Modified	e8ac8f42-d661-45c5-b98f-ffb3efcbc774
Oct-04-2022	16:36:23	Information	/refresh	304	Page Cached: Not Modified	9e09b307-8a7e-401d-981b-8b83c822714e
Oct-04-2022	16:36:26	Information	/refresh	304	Page Cached: Not Modified	9110b04d-1259-451c-8725-cf957db831b9
Oct-04-2022	16:36:26	Information	/refresh	304	Page Cached: Not Modified	1585964c-c239-4004-8bba-11545c1f3970
Oct-04-2022	16:36:28	Information	/refresh	304	Page Cached: Not Modified	e2bc9bfb-a436-450e-b7b2-9df365c5e2b1
Oct-04-2022	16:36:28	Information	/refresh	304	Page Cached: Not Modified	7f1a4fd4-8c9a-45ca-913f-7faa2084631c
Oct-04-2022	16:36:29	Information	/contact	200	Contact Page was visited.	68fcc50f-7e89-4bf7-bb55-2b6faa2207b6
Oct-04-2022	16:36:30	Information	/	200	Home Page was visited.	93fb9a46-f28c-438b-880a-add9c035b277
Oct-04-2022	16:36:31	Information	/errortest	200	Error Test Page Was Visted	6dcf05e8-94ce-40cb-b0cb-ff92eb43d272
Oct-04-2022	16:36:32	error	/notalink	404	Routing Error: 404/notalink route.	3cda6eb1-71b1-4d90-8548-eb679bd7f620
Oct-04-2022	16:36:35	Information	/	200	Home Page was visited.	0904d512-2c1a-480e-b1c7-9450acbf23a8
Oct-04-2022	16:44:22	Information	/	200	Home Page was visited.	96ef2f98-5df3-403e-a8ea-88d5669c1cc2
Oct-04-2022	16:44:22	error	/favicon.ico	404	Routing Error: 404/favicon.ico route.	dee6d69c-b140-493a-bc3e-90f07acd7561
Oct-04-2022	16:44:23	Information	/contact	200	Contact Page was visited.	ae4b9f0e-7a52-460c-9fee-2e5c5e5c1de8
Oct-04-2022	16:44:24	Information	/	200	Home Page was visited.	a1cd3f5d-e348-40a3-ae07-2f76bcd1feef
Oct-04-2022	16:44:25	Information	/subscribe	200	Subscriber Page was visited.	18b91009-9638-4691-862f-284aa31b8079
Oct-04-2022	16:44:25	Information	/contact	200	Contact Page was visited.	6f42bd10-507a-48dc-93c2-79893bc5bc62
Oct-04-2022	16:44:26	Information	/prods	200	Products Page Was Visted	48bce9b9-38ee-4a83-a3f5-2f46b6724f71
Oct-04-2022	16:44:26	Information	/subscribe	200	Subscriber Page was visited.	ce725b4f-19b7-4bdc-9fa1-a8ec0c452b1b
Oct-04-2022	16:44:27	Information	/	200	Home Page was visited.	26cabfb5-0890-47a0-87fd-96b6d45007c0
Oct-04-2022	16:44:28	Information	/about	200	About Page was visited.	e8d210bb-7286-4de6-92b2-5340c99d69c2
Oct-04-2022	16:44:29	Information	/	200	Home Page was visited.	42ebec84-b2a6-4e8b-ac00-6fa013571700
Oct-04-2022	16:44:30	Information	/errortest	200	Error Test Page Was Visted	ee455770-8bfd-4b99-9602-61b2b48caefc
Oct-04-2022	16:44:31	Information	/	200	Home Page was visited.	c1454511-9885-4734-98be-20e04bf85222
Oct-04-2022	16:44:31	Information	/test	200	Test Page Was Visted	4549675c-10c0-4afd-bdee-f86776d016a2
Oct-04-2022	16:44:33	Information	/	200	Home Page was visited.	e3c64e86-079d-4f91-906e-4411ac2856ef
