Oct-03-2022	15:23:46	information	/	200	Home Page was visited.	1b5a1593-b5ad-42d5-8e54-8e3e589df353
Oct-03-2022	15:23:47	information	/about	200	About Page was visited.	4e77ad9c-3658-41e1-8ea8-7c03ef1da724
Oct-03-2022	15:23:48	information	/contact	200	Contact Page was visited.	23194567-2c4f-4428-92ab-79ed88260561
Oct-03-2022	15:23:49	information	/subscribe	200	Subscriber Page was visited.	a23419b5-b7c6-49d1-a5e3-d0c1579f6fea
Oct-03-2022	15:23:50	information	/prods	200	Products Page Was Visted	89ba5ab7-c336-43a2-8726-c3bcc6081f49
Oct-03-2022	15:23:51	information	/about	200	About Page was visited.	b24f1fe9-6221-44c0-a822-77014454f075
Oct-03-2022	15:23:51	information	/	200	Home Page was visited.	f16dfcd9-6ad0-4cd0-bccf-53ea248c1cd2
Oct-03-2022	15:23:52	information	/errortest	200	Error Test Page Was Visted	332fd80d-8ce1-42e4-8bd4-40266a480314
Oct-03-2022	15:23:53	error	/notalink	404	Routing Error: 404/notalink route.	1c02673e-7c17-4fe7-8752-7934c1af3f08
Oct-03-2022	15:23:56	information	/	200	Home Page was visited.	c996c56a-79a3-4ebe-ae39-f190fca59aa6
Oct-03-2022	15:24:01	information	/about	200	About Page was visited.	4a922fad-6415-448d-9396-4851db987187
Oct-03-2022	15:24:02	information	/subscribe	200	Subscriber Page was visited.	cb9a4826-d0a6-4087-b2f8-3a0a7967c826
Oct-03-2022	15:24:03	information	/	200	Home Page was visited.	2487a9f8-c228-470f-92e2-15d50feae149
Oct-03-2022	15:24:04	information	/errortest	200	Error Test Page Was Visted	625b7b42-4963-4c46-91d5-f2a67b56fc1c
Oct-03-2022	15:24:05	error	/notalink	404	Routing Error: 404/notalink route.	2e0cad96-ee89-4454-a84a-efe8e7bfb1a3
Oct-03-2022	15:24:07	information	/	200	Home Page was visited.	b58383eb-d004-431d-9b12-6816b4f5136c
Oct-03-2022	15:24:07	information	/errortest	200	Error Test Page Was Visted	74edd596-1e58-45c1-99b1-d0504a39a75d
Oct-03-2022	15:24:08	information	/contact	200	Contact Page was visited.	84c19291-5173-4b33-ad47-30eda7aa9b95
Oct-03-2022	15:24:11	information	/	200	Home Page was visited.	0fdabf77-5216-4e3b-b717-e28a2aac02de
Oct-03-2022	15:26:52	information	/	200	Home Page was visited.	d1ecd1cd-c754-4bed-9da5-f939bd080b8a
Oct-03-2022	15:27:04	information	/about	200	About Page was visited.	07b1cbc6-2a26-41e3-addd-40973b9f5515
Oct-03-2022	15:27:05	information	/	200	Home Page was visited.	11af7717-e8ed-449f-99b1-6b4343449c3e
Oct-03-2022	15:32:09	information	/	200	Home Page was visited.	9f68fbb5-503f-4aa3-a783-ffa268683d93
Oct-03-2022	15:32:10	information	/errortest	200	Error Test Page Was Visted	0031055d-a518-4f61-a22c-20492259f47c
Oct-03-2022	15:32:11	information	/errortest	200	Error Test Page Was Visted	abbe2129-ebbf-446c-9536-6588b8d9a442
Oct-03-2022	15:32:12	information	/errortest	200	Error Test Page Was Visted	5acc1241-657b-4bb2-9128-210e42673658
Oct-03-2022	15:32:13	information	/errortest	200	Error Test Page Was Visted	6dd0c229-ceaf-49fa-b889-e4779a7589fc
Oct-03-2022	15:32:13	information	/errortest	200	Error Test Page Was Visted	47f9bb18-b03b-4e22-9e5e-0724b31c469c
Oct-03-2022	15:32:19	information	/errortest	200	Error Test Page Was Visted	9519282b-9882-4e71-ac21-21b115c8164c
Oct-03-2022	15:32:20	information	/errortest	200	Error Test Page Was Visted	8713e817-3350-4d12-baac-567787e67ede
Oct-03-2022	15:32:20	information	/errortest	200	Error Test Page Was Visted	e04f3ae5-9107-43db-913a-2fe97c528cc0
Oct-03-2022	15:32:21	information	/errortest	200	Error Test Page Was Visted	ab9a25b0-eadb-400e-ac91-2b4bba3a8935
Oct-03-2022	15:32:22	information	/errortest	200	Error Test Page Was Visted	f5d0fb1b-1eec-4cb1-90a7-b29842b41479
Oct-03-2022	15:32:23	information	/errortest	200	Error Test Page Was Visted	341f95ae-b435-4348-a7df-ff50b8a32dbf
Oct-03-2022	15:32:23	information	/errortest	200	Error Test Page Was Visted	488faa60-e0ee-49ce-942e-0e27a6447fe1
Oct-03-2022	15:32:28	information	/errortest	200	Error Test Page Was Visted	4245a52c-a3a7-4522-87fa-7d52de611b27
Oct-03-2022	15:32:29	information	/errortest	200	Error Test Page Was Visted	e4c8a0fe-a45f-4e2e-99e3-8a0476a40a8e
Oct-03-2022	15:32:29	information	/errortest	200	Error Test Page Was Visted	c09b53ee-fcb7-4bc7-a0bb-ab14f9c59362
Oct-03-2022	15:32:33	information	/errortest	200	Error Test Page Was Visted	917e51f4-c018-4034-951b-18c8c9610bed
Oct-03-2022	15:32:34	information	/contact	200	Contact Page was visited.	e3ac35ee-cee6-4d91-8c82-e808843fe3d6
Oct-03-2022	15:32:37	information	/	200	Home Page was visited.	23759e78-e002-499d-b481-f685edf9c13c
Oct-03-2022	15:32:49	information	/errortest	200	Error Test Page Was Visted	fd7556da-380b-406d-8383-b8ad73782f7f
Oct-03-2022	15:32:50	error	/test	404	Routing Error: 404/test route.	014a5bf5-b965-443c-a601-29b23b97f68f
Oct-03-2022	15:32:51	information	/	200	Home Page was visited.	2800a0ea-b8db-4593-9a15-7d5feab7e75c
Oct-03-2022	15:34:39	information	/errortest	200	Error Test Page Was Visted	e4243e89-b01e-4d7b-ba4c-4414154dadaa
Oct-03-2022	15:34:41	error	/test	204	Routing Error: 204/test route.	9e3d7741-11f4-491a-8e46-15f360bca984
Oct-03-2022	15:34:44	error	/test	204	Routing Error: 204/test route.	05d1a5dd-0e1f-4ee1-aaf7-298932d2cd9c
Oct-03-2022	15:34:45	error	/test	204	Routing Error: 204/test route.	430dc6a8-ba6e-4218-87e7-63628f46f998
Oct-03-2022	15:34:45	error	/test	204	Routing Error: 204/test route.	35f8ebbe-be26-4d9b-b02d-c6960ca907dc
Oct-03-2022	15:34:46	error	/test	204	Routing Error: 204/test route.	1cc5bd54-cb02-4f68-9c33-a2c292a47caf
Oct-03-2022	15:34:47	error	/test	204	Routing Error: 204/test route.	61c80a7e-5123-451e-ad67-e5db137a3090
Oct-03-2022	15:34:47	error	/test	204	Routing Error: 204/test route.	28cb520b-4a4f-416f-8b9a-6e325d73f4c3
Oct-03-2022	15:34:48	error	/test	204	Routing Error: 204/test route.	0f10c709-3f3e-4d50-b273-5999e4cdc0cd
Oct-03-2022	15:34:52	information	/	200	Home Page was visited.	d3098c81-42e7-4f25-9305-53ffee790298
Oct-03-2022	15:34:53	information	/errortest	200	Error Test Page Was Visted	7d9edd02-a918-4e2a-b57f-763fcdc23fe6
Oct-03-2022	15:34:54	error	/test	204	Routing Error: 204/test route.	42c7dc7b-8820-4bda-9813-f90f3bfc3b2b
Oct-03-2022	15:34:55	error	/test	204	Routing Error: 204/test route.	7a9b579d-d8d8-4699-a4a0-203df5063e77
Oct-03-2022	15:34:56	error	/test	204	Routing Error: 204/test route.	639a5f0b-5841-49cc-b124-08dfbd3d2717
Oct-03-2022	15:34:56	error	/test	204	Routing Error: 204/test route.	db5f21cf-9e2e-4ee5-923f-6b978e5466bf
Oct-03-2022	15:34:57	error	/test	204	Routing Error: 204/test route.	1f8149b4-2efe-414e-99ec-92058613a854
Oct-03-2022	15:35:01	error	/notalink	404	Routing Error: 404/notalink route.	96f28d01-0c5c-45af-987a-ad94ab250a9f
Oct-03-2022	15:35:04	information	/	200	Home Page was visited.	c31cdfaa-d814-46c1-8019-93d605abcbc4
Oct-03-2022	15:35:19	information	/errortest	200	Error Test Page Was Visted	2358f44d-949b-4070-b943-33612e87af62
Oct-03-2022	15:35:20	error	/test	204	Routing Error: 204/test route.	6628cfc8-7a3d-47ba-a39f-333af917df3f
Oct-03-2022	15:39:14	information	/	200	Home Page was visited.	32560c92-6cf5-4a80-8d61-373f13d5f714
Oct-03-2022	15:39:16	error	/test	204	Routing Error: 204/test route.	81448f72-3527-417c-a14d-19b62935aad6
Oct-03-2022	15:39:21	information	/about	200	About Page was visited.	e0758da0-e3db-407f-a3b9-ba32720364d7
Oct-03-2022	15:39:23	information	/contact	200	Contact Page was visited.	9f433810-54f9-446c-af7d-d20ba983de33
Oct-03-2022	15:39:25	information	/subscribe	200	Subscriber Page was visited.	548e524f-3873-4969-a184-865ea5908f43
Oct-03-2022	15:39:26	information	/	200	Home Page was visited.	af36da41-1bc9-4a55-8c25-ab909cc9ce00
Oct-03-2022	15:39:27	error	/test	204	Routing Error: 204/test route.	2e73fc60-2fe7-4647-b5a1-6ada562828b6
Oct-03-2022	15:39:28	error	/test	204	Routing Error: 204/test route.	b4cbc071-f9dd-4f6c-a1c4-182cee82aea4
Oct-03-2022	15:39:28	error	/test	204	Routing Error: 204/test route.	ab6c920c-3718-4242-b5a0-33483523bbdd
Oct-03-2022	15:39:29	error	/test	204	Routing Error: 204/test route.	dce218e5-1b1f-49b5-b3cc-56414bd5834c
Oct-03-2022	15:41:39	information	/about	200	About Page was visited.	241ea8e7-2ac1-4b2a-a375-b16a56e5093a
Oct-03-2022	15:41:40	information	/contact	200	Contact Page was visited.	838357f8-c5d6-46b9-b027-58c9ec013a8d
Oct-03-2022	15:41:41	information	/subscribe	200	Subscriber Page was visited.	15390876-af99-48d6-a5c9-d49b93347eff
Oct-03-2022	15:41:42	information	/	200	Home Page was visited.	95609284-7d02-4ed7-88ee-b620285e93cb
Oct-03-2022	15:41:43	information	/errortest	200	Error Test Page Was Visted	193cb18c-ef36-4506-b730-c63a4d1e3e38
Oct-03-2022	15:41:44	error	/test	204	Routing Error: 204/test route.	93334edf-5792-4bad-855f-51f26b9cb6b4
Oct-03-2022	15:41:45	error	/test	204	Routing Error: 204/test route.	ea461b52-3934-4366-9d44-a3cfc377f3cd
Oct-03-2022	15:41:46	error	/test	204	Routing Error: 204/test route.	71f91d43-5679-46f3-8477-eeb5d2f5a57a
Oct-03-2022	15:41:55	error	/test	204	Routing Error: 204/test route.	2a664b93-9115-4db9-b2bc-6c7fe452375c
Oct-03-2022	15:41:56	error	/test	204	Routing Error: 204/test route.	8244eaf5-1565-4592-8c8f-0b0992f98044
Oct-03-2022	15:41:56	error	/test	204	Routing Error: 204/test route.	925d5304-2034-44e6-857a-0048dc4cb859
Oct-03-2022	15:41:57	error	/test	204	Routing Error: 204/test route.	c84768d9-a468-4974-9f09-7b3ae94890b2
Oct-03-2022	15:41:58	error	/test	204	Routing Error: 204/test route.	9427253d-9300-4f0d-8d68-64fcd9776a1b
Oct-03-2022	16:02:24	error	/favicon.ico	404	Routing Error: 404/favicon.ico route.	41d119bd-aa98-4fc9-b8ff-2b0b72f8c342
Oct-03-2022	16:02:35	information	/errortest	200	Error Test Page Was Visted	0159e8a3-b88d-41c6-8308-60f6815ef724
Oct-03-2022	16:02:35	information	/	200	Home Page was visited.	46c1e4d5-8792-4266-a263-636fa41dff97
Oct-03-2022	16:02:35	information	/	200	Home Page was visited.	de775b6d-6bb8-45f3-8452-61480427d906
Oct-03-2022	16:02:35	information	/	200	Home Page was visited.	1a6c006d-8461-48cb-9b96-911fea9411d4
Oct-03-2022	16:02:36	information	/errortest	200	Error Test Page Was Visted	a2bfbc25-53e3-4c45-a9c4-232b10319746
Oct-03-2022	16:02:37	error	/test	204	File Reading Error: 204/test route.	c2afab2d-84e8-4d74-8a38-50aa8f536e4d
Oct-03-2022	16:02:40	error	/test	204	File Reading Error: 204/test route.	35efe1d7-9c94-43a7-a34d-f1d6c0f30288
Oct-03-2022	16:02:42	information	/	200	Home Page was visited.	38b2c553-d62c-465a-bd61-be1b4f820ac3
Oct-03-2022	16:25:22	information	/about	200	About Page was visited.	0f7e2b28-0f12-471a-bb05-a34cfaa12c31
Oct-03-2022	16:25:23	information	/	200	Home Page was visited.	b673b2cd-9797-4c0d-8b1e-2d21452fd6fc
Oct-03-2022	16:25:27	information	/errortest	200	Error Test Page Was Visted	2b6895cc-d069-40b9-9b4c-0b2eb321183f
Oct-03-2022	16:25:29	error	/test	204	File Reading Error: 204/test route.	73535c13-079b-4c73-a6d2-9167d982d775
Oct-03-2022	16:32:02	information	/	200	Home Page was visited.	64ed2dc7-b114-4f82-9bae-8e9418c782cc
Oct-03-2022	16:32:03	information	/about	200	About Page was visited.	fca73345-e651-44df-b7bc-b61935516b6c
Oct-03-2022	16:32:04	information	/	200	Home Page was visited.	0c18b42d-a273-4286-bc73-84d4436d5cac
Oct-03-2022	16:32:05	information	/errortest	200	Error Test Page Was Visted	e3686748-8a17-4f18-9fee-214c88432515
Oct-03-2022	16:32:06	error	/test	204	File Reading Error: 204/test route.	4510c13d-05fa-4325-bba8-d36757f03ab0
Oct-03-2022	16:34:13	information	/	200	Home Page was visited.	586277cf-a147-45c1-a449-229e70d25a43
Oct-03-2022	16:34:14	information	/errortest	200	Error Test Page Was Visted	1558ae3d-2de3-457a-bd95-5c7922639c7c
Oct-03-2022	16:34:14	error	/test	404	Routing Error: 404/test route.	daa16477-e067-4a4a-8dab-58a951838bf3
Oct-03-2022	16:34:19	information	/	200	Home Page was visited.	217d39c8-0469-45b9-9b62-681ab7ba4257
Oct-03-2022	16:34:51	information	/errortest	200	Error Test Page Was Visted	c5e4dae0-c39c-4e75-bf4d-b3b9d7695691
Oct-03-2022	16:34:52	error	/test	404	Routing Error: 404/test route.	a881036f-0037-4037-941e-327755f5c838
Oct-03-2022	16:34:53	information	/	200	Home Page was visited.	25163e3b-52cb-40c1-befe-43b03df5d15a
Oct-03-2022	16:34:54	information	/errortest	200	Error Test Page Was Visted	57a88a86-6829-4860-b6ba-bf18dd7f299b
Oct-03-2022	16:34:55	error	/test	404	Routing Error: 404/test route.	d7c79fd1-65e4-476d-b662-f788a52a2e45
Oct-03-2022	16:34:56	information	/	200	Home Page was visited.	68f06ac1-9ae2-4e3d-921a-cf54d4497d8c
Oct-03-2022	16:35:40	information	/errortest	200	Error Test Page Was Visted	03797910-db93-4586-b87e-0d54842232b9
Oct-03-2022	16:35:41	error	/test	204	File Reading Error: 204/test route.	48d8e6b2-987a-4231-b1ab-30afd50b0a5d
Oct-03-2022	16:35:43	error	/test	204	File Reading Error: 204/test route.	cfd88881-3b49-4b23-bd3c-91c2235c3b3f
Oct-03-2022	16:35:44	error	/test	204	File Reading Error: 204/test route.	b9c4e55e-6b25-4b86-b0f6-b8f267b03aa3
Oct-03-2022	16:35:45	error	/test	204	File Reading Error: 204/test route.	c3e59805-51d3-4a43-944c-2cd8771928c4
Oct-03-2022	16:35:51	information	/contact	200	Contact Page was visited.	1b1c4e63-7ea8-4d5e-bf2e-89fc3f99dd8e
Oct-03-2022	16:35:54	information	/	200	Home Page was visited.	564486fe-acd3-4725-9eb8-9309cf59ad96
Oct-03-2022	16:35:55	information	/subscribe	200	Subscriber Page was visited.	89a5f394-c999-4d9b-97d9-087b00cf31a5
Oct-03-2022	16:35:55	information	/	200	Home Page was visited.	a68871e1-1089-4b50-ba99-fccd1b27cc2d
Oct-03-2022	16:36:02	information	/errortest	200	Error Test Page Was Visted	6ea0fa40-dbef-446d-8274-f1a47c18e089
Oct-03-2022	16:36:02	error	/notalink	404	Routing Error: 404/notalink route.	a029d96c-ae9c-477c-914f-e537003de8cc
Oct-03-2022	16:36:13	information	/	200	Home Page was visited.	b6975753-10b9-494f-83ce-ebbeb8ed3132
Oct-03-2022	16:36:14	information	/errortest	200	Error Test Page Was Visted	22b47bb0-a35c-4cce-a509-2a6cdcf2b223
Oct-03-2022	16:36:15	error	/notalink	404	Routing Error: 404/notalink route.	3155de9e-aa27-4365-96a3-70c92bdafaf4
Oct-03-2022	16:37:11	information	/	200	Home Page was visited.	2040d641-80e8-45b8-b57c-9e065cc63d53
Oct-03-2022	16:37:12	information	/errortest	200	Error Test Page Was Visted	27ab1d04-63c8-45d8-aa7f-1dc8608b5b96
Oct-03-2022	16:37:14	error	/test	204	File Reading Error: 204/test route.	4ccad090-499c-43cc-b8a2-6a1f4904b138
Oct-03-2022	16:37:15	error	/test	204	File Reading Error: 204/test route.	118eab23-1e55-4aa3-9930-a5bb803ebdbc
Oct-03-2022	16:37:16	error	/test	204	File Reading Error: 204/test route.	7fc93eeb-0e52-402f-86fa-b2170b24c06e
Oct-03-2022	16:37:16	error	/test	204	File Reading Error: 204/test route.	c6fc3366-7bc7-4190-8191-d145413766f3
Oct-03-2022	16:37:17	error	/test	204	File Reading Error: 204/test route.	6172afc9-4514-4f2d-9dd9-c78d0f0884fa
Oct-03-2022	16:37:17	error	/test	204	File Reading Error: 204/test route.	503d16c5-09eb-476a-8d1b-a12d6013ea07
Oct-03-2022	16:37:18	error	/test	204	File Reading Error: 204/test route.	d9697e9b-eb07-49ab-870b-4cfe915ec32f
Oct-03-2022	16:38:24	error	/test	204	File Reading Error: 204/test route.	a4ba7c72-e57f-41aa-876c-75a59f60c9c1
Oct-03-2022	16:38:25	error	/test	204	File Reading Error: 204/test route.	e960bd3c-9140-4d90-beff-7da621746037
Oct-03-2022	16:38:26	error	/test	204	File Reading Error: 204/test route.	2b5de15f-944f-49db-ac6a-37d4b1951fd4
Oct-03-2022	16:40:02	error	/test	204	File Reading Error: 204/test route.	32efe7fc-0feb-4cd0-9c7e-6fbbb5841a81
Oct-03-2022	16:40:02	error	/test	204	File Reading Error: 204/test route.	c41ccdc5-13bb-4ba0-8d5a-3a70a1654860
Oct-03-2022	16:40:03	error	/test	204	File Reading Error: 204/test route.	1993ee6b-67d2-49f6-bb9e-7de7276dbc25
Oct-03-2022	16:40:03	error	/test	204	File Reading Error: 204/test route.	17d62640-64bc-4482-8f1d-0ced43de5804
Oct-03-2022	16:40:04	error	/test	204	File Reading Error: 204/test route.	e08142e3-7d8a-46be-8668-dec809f02041
Oct-03-2022	16:40:05	error	/test	204	File Reading Error: 204/test route.	e81ab6c0-82e7-4f82-8b7c-e4cf1536779e
Oct-03-2022	16:40:06	information	/contact	200	Contact Page was visited.	eb7bef01-55d7-4fd7-b050-0d7cd24a8912
Oct-03-2022	16:40:07	information	/	200	Home Page was visited.	973f4e2c-bf68-4f99-abab-6a74389b7203
Oct-03-2022	16:40:08	information	/errortest	200	Error Test Page Was Visted	196abeaf-7e0d-466d-b9ad-09b4062a957a
Oct-03-2022	16:40:10	error	/test	204	File Reading Error: 204/test route.	769ba7fc-3fc4-4d31-b4ea-24942afeb1f0
Oct-03-2022	16:41:21	error	/test	204	File Reading Error: 204/test route.	ebe046ec-7bf6-42cd-ad3c-7f1dcf8da519
Oct-03-2022	16:41:22	information	/	200	Home Page was visited.	011a9646-9c4d-46aa-98fe-a2b1e4a5e953
Oct-03-2022	17:10:27	information	/	200	Home Page was visited.	47d0cd55-b2bd-45e3-9009-3771961d8a53
Oct-03-2022	17:10:28	information	/errortest	200	Error Test Page Was Visted	3b0a003b-dafb-4bfc-a8f7-1fbe37cd0327
Oct-03-2022	17:10:29	error	/test	204	No content: 204/test route.	77b7dd27-583e-452c-bbf9-d042e5c545b1
Oct-03-2022	17:11:11	information	/	200	Home Page was visited.	9ea6d413-d2bd-45e6-8634-e457a30af126
Oct-03-2022	17:11:12	information	/errortest	200	Error Test Page Was Visted	446926a2-c409-4e2c-9909-28f09787a7f7
Oct-03-2022	17:11:12	error	/test	204	No content: 204/test route.	9b0d5091-7ddf-4482-b384-5c5709af5f64
Oct-03-2022	17:11:13	error	/test	204	No content: 204/test route.	90e5b6ed-8a00-4b9e-9580-5382b2b696be
Oct-03-2022	17:11:14	information	/contact	200	Contact Page was visited.	58d0c5a7-9d95-45a7-92d1-1f34423ab84e
Oct-03-2022	17:11:15	information	/	200	Home Page was visited.	778874a9-d500-4401-88b2-6a72c352e392
Oct-03-2022	17:11:20	information	/about	200	About Page was visited.	07a3afd4-9ee7-4ad8-82fe-175062949692
Oct-03-2022	17:11:20	information	/	200	Home Page was visited.	c5772f82-47cf-42fc-9271-e4888dbd4f2f
Oct-03-2022	17:11:21	information	/errortest	200	Error Test Page Was Visted	ea1fdc8e-8154-4a98-a7e7-a3c4a671b3ca
Oct-03-2022	17:11:22	error	/test	204	No content: 204/test route.	2f0506d4-650f-408a-ae92-3f4bb9dc89cd
Oct-03-2022	17:11:23	error	/test	204	No content: 204/test route.	d3619c89-0fda-40ff-8511-ecd362f16ee9
Oct-03-2022	17:11:32	information	/	200	Home Page was visited.	689be1aa-326e-4268-9f4e-2deecd9dfd49
Oct-03-2022	17:11:44	information	/errortest	200	Error Test Page Was Visted	0a9daafb-9ca3-4dd1-9e4b-108788964f1f
Oct-03-2022	17:11:45	information	/	200	Home Page was visited.	90ca318d-b79e-4dc7-9268-cc4d84be4eef
Oct-03-2022	17:11:47	information	/errortest	200	Error Test Page Was Visted	a0f8d1d2-a314-40e8-a7df-288f4b192dca
Oct-03-2022	17:11:48	error	/notalink	404	Routing Error: 404/notalink route.	bab7e205-188e-423f-be52-215913890e46
Oct-03-2022	17:11:50	information	/	200	Home Page was visited.	829c682a-b5c6-4f5c-b79b-a8deaaa32f72
Oct-03-2022	17:11:52	information	/errortest	200	Error Test Page Was Visted	1cee7d7f-f9cd-4e5e-82b9-9d3dc8870e08
Oct-03-2022	17:11:52	information	/contact	200	Contact Page was visited.	25cc0df8-f595-4afe-a2ea-25d284fafd79
Oct-03-2022	17:11:54	information	/	200	Home Page was visited.	249a633b-1b6f-4da1-b04b-24b212614ebc
Oct-03-2022	17:11:55	information	/errortest	200	Error Test Page Was Visted	832718f0-7330-4873-86a7-ecb2b3d0f7b8
Oct-03-2022	17:11:56	error	/test	204	No content: 204/test route.	62eb8991-a335-4d21-9ce3-74cd915735fc
Oct-03-2022	17:11:57	error	/test	204	No content: 204/test route.	e13a8ef8-200c-4b05-b897-6110e663463a
Oct-03-2022	17:11:57	error	/test	204	No content: 204/test route.	6a670d61-5453-46a4-8105-38f61fc3f531
Oct-03-2022	17:11:58	error	/test	204	No content: 204/test route.	ae51807b-0a31-4c3c-8fcf-0b080c22b9ca
Oct-03-2022	17:11:58	error	/test	204	No content: 204/test route.	c198bef2-bfd1-4c03-85b7-5397b2d469e5
Oct-03-2022	17:11:59	error	/test	204	No content: 204/test route.	2772821f-20c6-4331-9905-7d9f51017bd4
Oct-03-2022	17:12:34	information	/	200	Home Page was visited.	c1dc01dd-d6ae-4548-b94d-03d2eea2d533
Oct-03-2022	17:12:35	information	/errortest	200	Error Test Page Was Visted	e6cd3063-4987-4a46-806b-8c17bc4bccc4
Oct-03-2022	17:12:36	error	/test	204	No content: 204/test route.	4955d519-9299-4cb1-b428-ac0b7abe3aef
Oct-03-2022	17:12:36	information	/	200	Home Page was visited.	bfb76d22-1d08-4ea0-a171-0cae3f1345ea
Oct-03-2022	17:12:48	information	/errortest	200	Error Test Page Was Visted	430954d7-88ca-408d-a0c8-66caf27373c6
Oct-03-2022	17:12:49	information	/	200	Home Page was visited.	bfe5c097-f3fc-4784-9b3f-eead991760ea
Oct-03-2022	17:12:50	information	/errortest	200	Error Test Page Was Visted	4437a3d4-b979-4848-8426-715f272f3c77
Oct-03-2022	17:12:51	information	/	200	Home Page was visited.	7403f77f-8598-4f4a-bda8-3b9322209829
Oct-03-2022	17:12:55	information	/about	200	About Page was visited.	a87ce691-ba74-455d-a8a7-a5b9a52b0ce9
Oct-03-2022	17:12:56	information	/	200	Home Page was visited.	ace42e5c-162a-4321-b64b-98b653c6c07f
Oct-03-2022	17:12:57	information	/errortest	200	Error Test Page Was Visted	48de39db-587e-4ba8-9221-01177127432a
Oct-03-2022	17:13:14	information	/	200	Home Page was visited.	c4667d68-29ad-4421-9a8f-2be72d5bd9e7
Oct-03-2022	17:13:17	information	/errortest	200	Error Test Page Was Visted	4414ec0e-e056-4f35-a3a8-5b890f8e7a18
Oct-03-2022	17:13:56	information	/	200	Home Page was visited.	c0e5f4bd-9879-4c8e-a194-8b2415c8cbdf
Oct-03-2022	17:13:57	information	/errortest	200	Error Test Page Was Visted	75633390-1b66-466d-b080-aad1b37c1cde
Oct-03-2022	17:14:22	information	/errortest	200	Error Test Page Was Visted	28fc6583-5366-4297-af1a-8213543e138c
Oct-03-2022	17:14:23	error	/test	200	No content: 204/test route.	b4570f94-dae1-4413-84a1-0a2dcde915bb
Oct-03-2022	20:05:43	information	/	200	Home Page was visited.	39440921-1faa-4a7f-b50f-e93dfefa70b4
Oct-03-2022	20:05:44	information	/about	200	About Page was visited.	e4d28b77-bb82-4c05-a772-6651100bf9b4
Oct-03-2022	20:05:45	information	/	200	Home Page was visited.	9595eee0-a1ed-48bd-8f10-d33820075fc9
Oct-03-2022	20:05:46	information	/errortest	204	Error Test Page Was Visted	999ca059-3ea7-4eed-b00d-ac7aa831b011
Oct-03-2022	20:05:48	information	/errortest	204	Error Test Page Was Visted	998e5e54-7e01-44b2-9334-7c9b311ae80e
Oct-03-2022	20:05:49	information	/errortest	204	Error Test Page Was Visted	cf1c64a3-680e-45c8-bba2-6cb335f1d7e4
Oct-03-2022	20:05:51	information	/errortest	204	Error Test Page Was Visted	7190e4ea-7c15-4ee1-9308-b7bdcf32423b
Oct-03-2022	20:05:51	information	/errortest	204	Error Test Page Was Visted	5befaf8e-08b2-45de-9376-9c8bb8c42938
Oct-03-2022	20:05:51	information	/errortest	204	Error Test Page Was Visted	03f832df-c154-42e7-ab0e-a207fb619194
Oct-03-2022	20:05:52	information	/errortest	204	Error Test Page Was Visted	28ba6a87-f07e-4ac0-8061-2cc25f661818
Oct-03-2022	20:05:52	information	/errortest	204	Error Test Page Was Visted	962d887b-ca75-4564-9ecc-5b128ff070ce
Oct-03-2022	20:05:52	information	/errortest	204	Error Test Page Was Visted	31e747cd-9b4d-4709-abaf-8f837cfb1356
Oct-03-2022	20:05:52	information	/errortest	204	Error Test Page Was Visted	f0900184-84fe-42cc-a81b-ac6a2034d356
Oct-03-2022	20:05:52	information	/errortest	204	Error Test Page Was Visted	cd50e9d7-d629-4617-a2f6-ec3533deb4ec
Oct-03-2022	20:06:36	information	/about	200	About Page was visited.	107bfe3d-d526-42fa-b789-79b23c0571cd
Oct-03-2022	20:06:36	information	/	200	Home Page was visited.	fff942e9-c3a8-4c28-838e-135a34102e82
Oct-03-2022	20:06:37	information	/errortest	200	Error Test Page Was Visted	2b4fda2f-213e-4f86-9bfe-b194df80378f
Oct-03-2022	20:06:38	error	/test	404	Routing Error: 404/test route.	6dbc9377-59cb-46b7-9504-94c4779cad57
Oct-03-2022	20:06:39	information	/	200	Home Page was visited.	44ca4205-3f94-4eb6-8dfe-4714f7a1e598
Oct-03-2022	20:07:06	information	/about	200	About Page was visited.	4164270f-cd53-499c-87c5-37548a482e55
Oct-03-2022	20:07:07	information	/	200	Home Page was visited.	4eb18c41-036b-40aa-8628-8f2c49eee810
Oct-03-2022	20:07:07	information	/errortest	200	Error Test Page Was Visted	20acba1f-781b-4fa7-81cb-4dd7b2f71aeb
Oct-03-2022	20:07:08	information	/	200	Home Page was visited.	c73bb278-61cb-4e76-a11f-1b82ec4d336b
Oct-03-2022	20:07:09	information	/errortest	200	Error Test Page Was Visted	b4239b4d-3881-41f9-91bd-524b3f974ed4
Oct-03-2022	20:07:10	error	/notalink	404	Routing Error: 404/notalink route.	8c3b2641-3f88-4f38-8a29-4e8bb4bb382d
Oct-03-2022	20:07:11	information	/	200	Home Page was visited.	21ae2b3e-3f45-446f-821f-3705c8b56f80
Oct-03-2022	20:28:55	information	/about	200	About Page was visited.	df58820b-5412-4170-8825-a21f1bc03235
Oct-03-2022	20:28:56	information	/	200	Home Page was visited.	acbd3421-d87d-4ced-a791-65c76c507da9
Oct-03-2022	20:28:57	information	/errortest	200	Error Test Page Was Visted	4f00ecb9-12cf-47f8-ae73-d886d72e2850
Oct-03-2022	20:28:57	information	/refresh	304	Page Cached: Not Modified, Status Code: 304	94d7ada1-9c3f-497e-b717-b615aac28d12
Oct-03-2022	20:28:58	information	/refresh	304	Page Cached: Not Modified, Status Code: 304	8766c1dd-e58b-4dd3-aae5-f3062a208e91
Oct-03-2022	20:28:59	information	/refresh	304	Page Cached: Not Modified, Status Code: 304	fc986709-9b66-42e1-92a0-011a5ce52cd8
Oct-03-2022	20:29:00	information	/refresh	304	Page Cached: Not Modified, Status Code: 304	ebc528cd-8fba-42b3-bf45-10bf2013c638
Oct-03-2022	20:29:00	information	/refresh	304	Page Cached: Not Modified, Status Code: 304	c81e823b-5096-4b34-b724-00c7306e53a4
Oct-03-2022	20:29:04	information	/refresh	304	Page Cached: Not Modified, Status Code: 304	60a2c4e6-f6ec-4d4c-add1-1c6db17d81b8
Oct-03-2022	20:29:05	information	/refresh	304	Page Cached: Not Modified, Status Code: 304	2236551c-f7ba-4d76-8e63-9395d7aa7cc1
Oct-03-2022	20:29:05	information	/refresh	304	Page Cached: Not Modified, Status Code: 304	55c62364-4dca-493c-b29a-0d17b2970024
Oct-03-2022	20:29:06	information	/refresh	304	Page Cached: Not Modified, Status Code: 304	483fdeed-c7b1-4c35-a766-f5abaa909589
Oct-03-2022	20:29:07	information	/refresh	304	Page Cached: Not Modified, Status Code: 304	c368b996-7fb1-4f61-afe5-3aca1a8912d0
Oct-03-2022	20:29:07	information	/refresh	304	Page Cached: Not Modified, Status Code: 304	d2a8b16c-1e97-4218-9b23-63731a321262
Oct-03-2022	20:29:08	information	/refresh	304	Page Cached: Not Modified, Status Code: 304	df08cb0c-7d2d-4ef3-aa0a-47de81727b2c
Oct-03-2022	20:29:09	information	/refresh	304	Page Cached: Not Modified, Status Code: 304	4eaf28e2-2f8f-4548-a4b9-ae9eed5b0429
Oct-03-2022	20:30:33	information	/	200	Home Page was visited.	575c8d58-194f-47e1-8e5b-e2c8b0adb079
Oct-03-2022	20:30:34	information	/errortest	200	Error Test Page Was Visted	efbd648c-ae0e-4e73-acd8-c8f4816b0d5f
Oct-03-2022	20:30:34	information	/refresh	304	Page Cached: Not Modified	243a7ed3-870b-46f8-a16a-c85198b38c13
Oct-03-2022	20:30:35	information	/refresh	304	Page Cached: Not Modified	a604fbba-75c9-416f-a960-003f6f440e7f
Oct-03-2022	20:30:36	information	/refresh	304	Page Cached: Not Modified	e34c4010-3c50-428c-bf2c-889f8e557c9d
Oct-03-2022	20:30:36	information	/refresh	304	Page Cached: Not Modified	3e12ec90-5611-4afa-b4c7-5c94994f120a
Oct-03-2022	20:30:43	error	/notalink	404	Routing Error: 404/notalink route.	0827a1a7-d92e-40a2-b7da-0f83819cb9ab
Oct-03-2022	20:30:47	information	/	200	Home Page was visited.	826f4435-54fa-4271-bfd0-37b2fadab49c
Oct-03-2022	20:30:48	information	/errortest	200	Error Test Page Was Visted	bc5834b2-e2ee-42c7-9189-b2edf6134e55
Oct-03-2022	20:30:49	information	/contact	200	Contact Page was visited.	c3ee51b9-7e1b-41b2-9467-3a3fbceccce5
Oct-03-2022	20:30:53	information	/	200	Home Page was visited.	68d2bf66-f1eb-4e49-8e68-833615204fa7
Oct-03-2022	20:31:24	information	/contact	200	Contact Page was visited.	96cfa119-1dbf-4e54-9539-8608e80ff527
Oct-03-2022	20:31:25	information	/	200	Home Page was visited.	300b6e28-d8cb-4a89-b48c-a5cd0cba74c6
Oct-03-2022	20:31:26	information	/about	200	About Page was visited.	be902102-8aa8-4176-8bb4-20915dd41d38
Oct-03-2022	20:31:41	information	/	200	Home Page was visited.	80f6f7b1-bba4-4382-8a70-08b92ca3ba0b
Oct-03-2022	20:31:44	information	/contact	200	Contact Page was visited.	4ae55362-c13f-4030-b189-e28f3ae39a5c
Oct-03-2022	20:31:44	information	/	200	Home Page was visited.	f396aa5d-6ae5-4201-9444-3f84b643364f
Oct-03-2022	20:31:45	information	/about	200	About Page was visited.	802d8504-b200-454b-bf48-9ec08b322a53
Oct-03-2022	20:31:50	information	/	200	Home Page was visited.	7ff7f1e1-b767-4bb2-946c-46c0475370d4
Oct-03-2022	20:31:51	information	/about	200	About Page was visited.	5a740bed-32b4-41b0-b632-b4c390cfa9e7
Oct-03-2022	20:31:54	information	/	200	Home Page was visited.	cae70827-4850-4eb8-b9ed-caec109b6b85
Oct-03-2022	20:32:04	information	/contact	200	Contact Page was visited.	f2d0f2f5-43c8-4fcd-a746-b287ddfb2cc5
Oct-03-2022	20:32:05	information	/	200	Home Page was visited.	e35648c0-8556-4409-941d-9e96e99bf8e2
Oct-03-2022	20:32:05	information	/about	200	About Page was visited.	c8530f60-f5dc-43bd-a5a7-aab050152ae8
Oct-03-2022	20:32:06	information	/	200	Home Page was visited.	58a1fcd4-9ee6-4e65-a5ed-f5c861b8d69c
Oct-03-2022	20:34:15	information	/	200	Home Page was visited.	49e86b62-af8d-49be-a68f-e2ea6f20dfad
Oct-03-2022	20:34:16	information	/about	200	About Page was visited.	aee0104e-dfec-49f9-9e04-6b8e76877e8c
Oct-03-2022	20:34:17	information	/contact	200	Contact Page was visited.	b5bec8b1-1599-43fd-8abc-5dca823551ef
Oct-03-2022	20:34:18	information	/	200	Home Page was visited.	f2c6ab75-ef30-4eea-b59d-8b03665b87a8
Oct-03-2022	20:34:19	information	/prods	200	Products Page Was Visted	fcd70721-dc36-4b82-8952-f4ea0c67903a
Oct-03-2022	20:34:20	information	/	200	Home Page was visited.	6459aa51-09c6-4c71-8496-db4e471fb2b4
Oct-03-2022	20:34:26	information	/errortest	200	Error Test Page Was Visted	651212cd-72bd-47bd-aae9-27f2e5a6a60e
Oct-03-2022	20:34:26	error	/notalink	404	Routing Error: 404/notalink route.	22226cd9-dd05-4040-93ab-e552bfa878a9
Oct-03-2022	20:34:39	information	/	200	Home Page was visited.	da7d6075-c739-4e2b-96bc-f905f017c3ba
Oct-03-2022	20:34:41	information	/errortest	200	Error Test Page Was Visted	e2fcf7ec-b2ea-41aa-afeb-6c3cb520895e
Oct-03-2022	20:34:49	information	/contact	200	Contact Page was visited.	0d53b579-3ea8-4e48-8304-16c1999292e2
Oct-03-2022	20:35:11	information	/	200	Home Page was visited.	e42f8f90-e446-461c-a7ce-e45df26b99d3
Oct-03-2022	20:35:23	information	/errortest	200	Error Test Page Was Visted	8177c43f-1a32-4348-b710-8e8b86e39f10
Oct-03-2022	20:35:24	information	/refresh	304	Page Cached: Not Modified	27547484-fec2-4ce6-b063-50950b98c7ce
Oct-03-2022	20:35:25	information	/refresh	304	Page Cached: Not Modified	faab61c8-ac9d-40b6-a19d-3186d3fa808c
Oct-03-2022	20:35:25	information	/refresh	304	Page Cached: Not Modified	35d27a48-e2c1-4d43-bc57-25386d58fced
Oct-03-2022	20:35:25	information	/refresh	304	Page Cached: Not Modified	fac9b6ff-696f-415c-aaf3-399aef725c5c
Oct-03-2022	20:35:26	information	/refresh	304	Page Cached: Not Modified	566bb6a6-0198-412d-83da-40e9335c516e
Oct-03-2022	20:35:26	information	/refresh	304	Page Cached: Not Modified	879f7524-8e57-4cbc-8cca-f0a533368f12
Oct-03-2022	20:35:27	information	/refresh	304	Page Cached: Not Modified	b944cf1c-be5b-4b38-b1b8-597bbe11d93e
Oct-03-2022	20:35:28	information	/refresh	304	Page Cached: Not Modified	eef742c3-f35c-43c9-860d-1e3405b28516
Oct-03-2022	20:35:30	information	/errortest	200	Error Test Page Was Visted	4db5cb09-5773-4a3d-be83-224358c73ca4
Oct-03-2022	20:35:31	information	/errortest	200	Error Test Page Was Visted	801835f1-1d2c-4330-8943-4801dfa26a8a
Oct-03-2022	20:35:31	information	/errortest	200	Error Test Page Was Visted	0f009c7a-0fec-48e4-8884-2ef302094f48
Oct-03-2022	20:35:36	information	/refresh	304	Page Cached: Not Modified	7b2b2a44-6bb3-4e8a-a468-0811d0b038d9
Oct-03-2022	20:35:37	information	/refresh	304	Page Cached: Not Modified	e5bd2740-893a-4701-b668-872d843500c8
Oct-03-2022	20:35:38	information	/refresh	304	Page Cached: Not Modified	00b892e5-436e-4cb2-b56a-c3f832adb2bf
Oct-03-2022	20:35:38	information	/refresh	304	Page Cached: Not Modified	0bfac954-6456-49ae-b7d3-a81984a7b559
Oct-03-2022	20:35:39	information	/	200	Home Page was visited.	5c78a3ce-492f-48a1-901c-70ce812db44b
Oct-03-2022	20:44:07	information	/about	200	About Page was visited.	4837e6cc-71ee-40bf-97a9-7a3b860213c7
Oct-03-2022	20:44:07	information	/	200	Home Page was visited.	b437af59-056c-4e6c-9433-ce4007437c4e
Oct-03-2022	20:44:08	information	/errortest	200	Error Test Page Was Visted	4fcde58a-f0ba-4c47-a236-c5223c4ae03f
Oct-03-2022	20:44:12	error	/nothing	204	Routing Error: 404/nothing route.	4d4265f3-3adb-45f0-9dcd-bc0648afc5e6
Oct-03-2022	20:44:13	error	/nothing	204	Routing Error: 404/nothing route.	1c3a0a0c-f79e-4fc6-9a81-03305e0b7231
Oct-03-2022	20:44:17	error	/nothing	204	Routing Error: 404/nothing route.	768959c1-67ce-4005-9c8d-2caafc1e1a7c
Oct-03-2022	20:44:18	information	/	200	Home Page was visited.	ec1bdb48-fda6-485c-8ae4-d5df644305da
Oct-03-2022	20:45:12	information	/about	200	About Page was visited.	35a54b4b-f86e-4a1f-94ce-c3253a703160
Oct-03-2022	20:45:14	information	/	200	Home Page was visited.	80091a80-d8ca-4cfa-ace2-8e4e86ecc1e7
Oct-03-2022	20:45:14	information	/errortest	200	Error Test Page Was Visted	76d0a436-7353-4078-9263-5cfede6c4746
Oct-03-2022	20:45:15	error	/nothing	204	Routing Error: 404/nothing route.	ae0f51ba-802b-44f8-a423-f8f523ef49ec
Oct-03-2022	20:45:16	error	/nothing	204	Routing Error: 404/nothing route.	fe1543c3-8858-4ab8-a2da-692c3868bb99
Oct-03-2022	20:45:20	error	/nothing	204	Routing Error: 404/nothing route.	af0c947f-8e2f-4f9e-88cf-3bad32815c7a
Oct-03-2022	20:45:20	error	/nothing	204	Routing Error: 404/nothing route.	20d16e83-a783-43af-8011-1f1c56f6ceef
Oct-03-2022	20:45:21	error	/nothing	204	Routing Error: 404/nothing route.	a79f210f-3e88-4205-a8ae-31c330d592a1
Oct-03-2022	20:45:22	error	/nothing	204	Routing Error: 404/nothing route.	f19bdcc5-5d4e-4649-aab7-fec31c5d50f1
Oct-03-2022	20:45:23	error	/nothing	204	Routing Error: 404/nothing route.	79d68cf7-524b-4113-b0b5-4cf9e9c0a1ac
Oct-03-2022	20:45:23	error	/nothing	204	Routing Error: 404/nothing route.	b8c0d72d-6d1e-4cb1-acb1-57317f108392
Oct-03-2022	20:45:24	information	/refresh	304	Page Cached: Not Modified	d1129fe9-b896-4c15-9eeb-d9d6301945c0
Oct-03-2022	20:45:24	error	/nothing	204	Routing Error: 404/nothing route.	eb11033e-b376-4056-bdef-314456b3fa40
Oct-03-2022	20:45:25	information	/refresh	304	Page Cached: Not Modified	842885c6-e6af-449e-a7eb-a63a8d46cab0
Oct-03-2022	20:45:25	error	/nothing	204	Routing Error: 404/nothing route.	1f86109c-1738-45bc-871e-a74c656b8925
Oct-03-2022	20:51:02	information	/	200	Home Page was visited.	795c0dba-0147-4974-86e9-208347f2efb6
Oct-03-2022	20:51:03	information	/errortest	200	Error Test Page Was Visted	4e5ef11b-aad9-491e-9795-c73ae8861a94
Oct-03-2022	20:51:04	information	/forbidden	403	Products Page Was Visted	2893ca8b-c32f-48be-8110-0581d2b2352c
Oct-03-2022	20:58:41	information	/	200	Home Page was visited.	c87705ff-c3e0-4629-a154-da7eaceeaf7e
Oct-03-2022	20:58:42	information	/about	200	About Page was visited.	87e92a88-ae6d-4cdb-88d5-6500d37301e7
Oct-03-2022	20:58:43	information	/contact	200	Contact Page was visited.	0503b649-174f-42d3-9b89-9049993b18e9
Oct-03-2022	20:58:43	information	/	200	Home Page was visited.	8c32d068-a0c1-4d7d-9169-e8551dc3fe63
Oct-03-2022	20:58:44	information	/errortest	200	Error Test Page Was Visted	41874863-1ff0-43b4-8216-d4284061c16e
Oct-03-2022	20:58:45	information	/forbidden	403	Products Page Was Visted	49d5c701-02d2-4c0f-a14d-38c1266a237b
Oct-03-2022	20:59:31	information	/	200	Home Page was visited.	6a5e6b09-b07c-4218-b8f5-2e36c8f3ca7b
Oct-03-2022	20:59:32	information	/errortest	200	Error Test Page Was Visted	ac9b18e8-a998-4830-93fc-9a354bf2fc56
Oct-03-2022	20:59:33	information	/forbidden	403	Products Page Was Visted	dbf3a26a-56b3-4c38-a99e-9a3a77722bdf
Oct-03-2022	21:00:52	information	/	200	Home Page was visited.	e7458bed-8a97-436b-bdb3-a3345da35771
Oct-03-2022	21:00:54	information	/errortest	200	Error Test Page Was Visted	0da40cb1-1592-4b53-9707-3c57a3993e07
Oct-03-2022	21:00:54	information	/forbidden	403	Forbidden Page Entered	d25c7e1e-eb72-4727-b562-2aac20458155
Oct-03-2022	21:01:09	information	/	200	Home Page was visited.	b0d41cb9-1e8e-484a-a794-a94a5dc307a4
Oct-03-2022	21:01:10	information	/errortest	200	Error Test Page Was Visted	0ca85ae2-510f-4b81-b781-857d52cdf80e
Oct-03-2022	21:01:11	information	/forbidden	403	Forbidden Page Entered	f9bf167d-2716-4dd5-9537-c5bd42125a1d
Oct-03-2022	21:04:11	information	/	200	Home Page was visited.	da981b0e-cade-4842-ac70-c13bd27426c0
Oct-03-2022	21:04:12	information	/contact	200	Contact Page was visited.	989a282d-2f41-4a57-8b86-caf1b59fcf25
Oct-03-2022	21:04:13	information	/about	200	About Page was visited.	6fa93a04-24dd-4e8b-a89e-cd7d498f1017
Oct-03-2022	21:04:14	information	/subscribe	200	Subscriber Page was visited.	a60bc823-36d4-4755-a9bb-19b895a14095
Oct-03-2022	21:04:19	information	/	200	Home Page was visited.	6cfc9b21-449b-4140-a034-285eb806eb00
Oct-03-2022	21:04:20	information	/about	200	About Page was visited.	8ba56d33-b4eb-44b4-99c5-11ea0755ff5f
Oct-03-2022	21:04:21	information	/	200	Home Page was visited.	58bbcce4-5e86-4188-b877-d628efc843bc
Oct-03-2022	21:04:22	information	/errortest	200	Error Test Page Was Visted	7f747f20-28c5-41fb-a94a-3e95626f1a39
Oct-03-2022	21:04:24	information	/refresh	304	Page Cached: Not Modified	94fc5234-0ff0-4dea-ac60-b2453ca7a2d6
Oct-03-2022	21:04:24	information	/refresh	304	Page Cached: Not Modified	ef0f1d2c-64d4-4854-a25e-7075d76dcfeb
Oct-03-2022	21:04:27	information	/contact	200	Contact Page was visited.	0eef5da0-576d-4129-9d64-d6a3c0c58d71
Oct-03-2022	21:04:29	information	/	200	Home Page was visited.	ab376004-e883-456e-bcdb-df8e1e59f3a1
Oct-03-2022	21:04:29	information	/errortest	200	Error Test Page Was Visted	3ca55ef3-c0bf-482e-b6d8-edd43b7bead9
Oct-03-2022	21:04:30	information	/forbidden	403	Forbidden Page Entered	73b4590d-61ca-4e41-9718-56930b1e2513
Oct-03-2022	21:04:36	information	/	200	Home Page was visited.	48bc3f0a-1d4a-4e89-99c3-4edb5df59f58
